<?xml version="1.0" encoding="UTF-8"?>
<!-- Generated by org.testng.reporters.JUnitReportReporter -->
<testsuite hostname="Lenovo" failures="0" tests="3" name="Cart.TestObject.HomeTest" time="10.257" errors="0" timestamp="2022-10-09T22:09:55 IST" skipped="0">
  <testcase classname="Cart.TestObject.HomeTest" name="startUpHomePage" time="6.445"/>
  <system-out/>
  <testcase classname="Cart.TestObject.HomeTest" name="clickRegister" time="1.772"/>
  <system-out/>
  <testcase classname="Cart.TestObject.HomeTest" name="loginCheck" time="2.040"/>
  <system-out/>
</testsuite> <!-- Cart.TestObject.HomeTest -->
